<?xml version="1.0" encoding="UTF-8"?>
<!-- Generated by org.testng.reporters.JUnitReportReporter -->
<testsuite hostname="DESKTOP-8HBP6N5" failures="0" tests="5" name="api.test.UserTests2" time="3.552" errors="0" timestamp="2024-02-20T15:18:27 EST" skipped="0">
  <testcase classname="api.test.UserTests2" name="testPostUser" time="2.465"/>
  <system-out/>
  <testcase classname="api.test.UserTests2" name="tetsGetUserByName" time="0.380"/>
  <system-out/>
  <testcase classname="api.test.UserTests2" name="testUpdateUserByName" time="0.212"/>
  <system-out/>
  <testcase classname="api.test.UserTests2" name="testGetUpdatedUserEmail" time="0.245"/>
  <system-out/>
  <testcase classname="api.test.UserTests2" name="testDeleteUserByName" time="0.250"/>
  <system-out/>
</testsuite> <!-- api.test.UserTests2 -->
