<?xml version="1.0" encoding="UTF-8"?>
<!-- Generated by org.testng.reporters.JUnitReportReporter -->
<testsuite hostname="DESKTOP-8HBP6N5" failures="0" tests="9" name="api.test.DDTests" time="3.993" errors="0" timestamp="2024-02-19T16:13:41 EST" skipped="0">
  <testcase classname="api.test.DDTests" name="testPostUser" time="1.858"/>
  <system-out/>
  <testcase classname="api.test.DDTests" name="testPostUser" time="0.253"/>
  <system-out/>
  <testcase classname="api.test.DDTests" name="testPostUser" time="0.243"/>
  <system-out/>
  <testcase classname="api.test.DDTests" name="testGetUserByName" time="0.281"/>
  <system-out/>
  <testcase classname="api.test.DDTests" name="testGetUserByName" time="0.325"/>
  <system-out/>
  <testcase classname="api.test.DDTests" name="testGetUserByName" time="0.295"/>
  <system-out/>
  <testcase classname="api.test.DDTests" name="testDeleteUser" time="0.227"/>
  <system-out/>
  <testcase classname="api.test.DDTests" name="testDeleteUser" time="0.269"/>
  <system-out/>
  <testcase classname="api.test.DDTests" name="testDeleteUser" time="0.242"/>
  <system-out/>
</testsuite> <!-- api.test.DDTests -->
