<?xml version="1.0" encoding="UTF-8"?>
<!-- Generated by org.testng.reporters.JUnitReportReporter -->
<testsuite hostname="DESKTOP-8HBP6N5" failures="0" tests="5" name="api.test.UserTests" time="5.162" errors="0" timestamp="2024-02-19T16:46:05 EST" skipped="0">
  <testcase classname="api.test.UserTests" name="testPostUser" time="4.038"/>
  <system-out/>
  <testcase classname="api.test.UserTests" name="tetsGetUserByName" time="0.393"/>
  <system-out/>
  <testcase classname="api.test.UserTests" name="testUpdateUserByName" time="0.279"/>
  <system-out/>
  <testcase classname="api.test.UserTests" name="testGetUpdatedUserEmail" time="0.225"/>
  <system-out/>
  <testcase classname="api.test.UserTests" name="testDeleteUserByName" time="0.227"/>
  <system-out/>
</testsuite> <!-- api.test.UserTests -->
