<?xml version="1.0" encoding="UTF-8"?>
<!-- Generated by org.testng.reporters.JUnitReportReporter -->
<testsuite hostname="DESKTOP-8HBP6N5" failures="0" tests="5" name="api.test.UserTests2" time="4.006" errors="0" timestamp="2024-02-20T16:32:27 EST" skipped="0">
  <testcase classname="api.test.UserTests2" name="testPostUser" time="2.931"/>
  <system-out/>
  <testcase classname="api.test.UserTests2" name="tetsGetUserByName" time="0.300"/>
  <system-out/>
  <testcase classname="api.test.UserTests2" name="testUpdateUserByName" time="0.305"/>
  <system-out/>
  <testcase classname="api.test.UserTests2" name="testGetUpdatedUserEmail" time="0.255"/>
  <system-out/>
  <testcase classname="api.test.UserTests2" name="testDeleteUserByName" time="0.215"/>
  <system-out/>
</testsuite> <!-- api.test.UserTests2 -->
